<?xml version="1.0" encoding="UTF-8"?>
<coverage generated="1643295159564" clover="3.2.0">
  <project timestamp="1643295159565" name="All files">
    <metrics statements="80" coveredstatements="80" conditionals="19" coveredconditionals="19" methods="39" coveredmethods="39" elements="138" coveredelements="138" complexity="0" loc="80" ncloc="80" packages="3" files="9" classes="9"/>
    <package name="AbstractionTasks">
      <metrics statements="33" coveredstatements="33" conditionals="3" coveredconditionals="3" methods="14" coveredmethods="14"/>
      <file name="PolarToDescart.js" path="/home/drager/coding/miscellaneous/experimenting/AbstractionTasks/PolarToDescart.js">
        <metrics statements="9" coveredstatements="9" conditionals="0" coveredconditionals="0" methods="3" coveredmethods="3"/>
        <line num="8" count="1" type="stmt"/>
        <line num="9" count="17" type="stmt"/>
        <line num="14" count="17" type="stmt"/>
        <line num="17" count="1" type="stmt"/>
        <line num="18" count="11" type="stmt"/>
        <line num="19" count="11" type="stmt"/>
        <line num="22" count="1" type="stmt"/>
        <line num="23" count="11" type="stmt"/>
        <line num="24" count="11" type="stmt"/>
      </file>
      <file name="points.js" path="/home/drager/coding/miscellaneous/experimenting/AbstractionTasks/points.js">
        <metrics statements="7" coveredstatements="7" conditionals="0" coveredconditionals="0" methods="1" coveredmethods="1"/>
        <line num="8" count="1" type="stmt"/>
        <line num="9" count="3" type="stmt"/>
        <line num="10" count="3" type="stmt"/>
        <line num="12" count="3" type="stmt"/>
        <line num="13" count="3" type="stmt"/>
        <line num="15" count="3" type="stmt"/>
        <line num="16" count="3" type="stmt"/>
      </file>
      <file name="url.js" path="/home/drager/coding/miscellaneous/experimenting/AbstractionTasks/url.js">
        <metrics statements="17" coveredstatements="17" conditionals="3" coveredconditionals="3" methods="10" coveredmethods="10"/>
        <line num="16" count="1" type="stmt"/>
        <line num="17" count="9" type="stmt"/>
        <line num="18" count="9" type="stmt"/>
        <line num="21" count="1" type="stmt"/>
        <line num="22" count="1" type="stmt"/>
        <line num="24" count="1" type="stmt"/>
        <line num="26" count="1" type="stmt"/>
        <line num="27" count="1" type="stmt"/>
        <line num="30" count="1" type="stmt"/>
        <line num="32" count="1" type="stmt"/>
        <line num="33" count="1" type="stmt"/>
        <line num="36" count="1" type="stmt"/>
        <line num="38" count="1" type="stmt"/>
        <line num="39" count="2" type="stmt"/>
        <line num="42" count="1" type="cond" truecount="1" falsecount="0"/>
        <line num="43" count="4" type="cond" truecount="2" falsecount="0"/>
        <line num="46" count="8" type="stmt"/>
      </file>
    </package>
    <package name="CompositeDataTasks">
      <metrics statements="43" coveredstatements="43" conditionals="16" coveredconditionals="16" methods="23" coveredmethods="23"/>
      <file name="cdPairs.js" path="/home/drager/coding/miscellaneous/experimenting/CompositeDataTasks/cdPairs.js">
        <metrics statements="3" coveredstatements="3" conditionals="0" coveredconditionals="0" methods="6" coveredmethods="6"/>
        <line num="1" count="98" type="stmt"/>
        <line num="3" count="45" type="stmt"/>
        <line num="4" count="53" type="stmt"/>
      </file>
      <file name="cdPoints.js" path="/home/drager/coding/miscellaneous/experimenting/CompositeDataTasks/cdPoints.js">
        <metrics statements="17" coveredstatements="17" conditionals="16" coveredconditionals="16" methods="3" coveredmethods="3"/>
        <line num="19" count="1" type="stmt"/>
        <line num="20" count="1" type="stmt"/>
        <line num="21" count="1" type="stmt"/>
        <line num="22" count="1" type="stmt"/>
        <line num="25" count="3" type="stmt"/>
        <line num="27" count="1" type="stmt"/>
        <line num="28" count="6" type="stmt"/>
        <line num="29" count="6" type="stmt"/>
        <line num="30" count="6" type="cond" truecount="4" falsecount="0"/>
        <line num="31" count="1" type="stmt"/>
        <line num="33" count="5" type="cond" truecount="4" falsecount="0"/>
        <line num="34" count="1" type="stmt"/>
        <line num="36" count="4" type="cond" truecount="4" falsecount="0"/>
        <line num="37" count="1" type="stmt"/>
        <line num="39" count="3" type="cond" truecount="4" falsecount="0"/>
        <line num="40" count="1" type="stmt"/>
        <line num="42" count="2" type="stmt"/>
      </file>
      <file name="cdRational.js" path="/home/drager/coding/miscellaneous/experimenting/CompositeDataTasks/cdRational.js">
        <metrics statements="21" coveredstatements="21" conditionals="0" coveredconditionals="0" methods="9" coveredmethods="9"/>
        <line num="3" count="20" type="stmt"/>
        <line num="5" count="42" type="stmt"/>
        <line num="7" count="50" type="stmt"/>
        <line num="9" count="17" type="stmt"/>
        <line num="11" count="3" type="stmt"/>
        <line num="13" count="1" type="stmt"/>
        <line num="15" count="2" type="stmt"/>
        <line num="16" count="2" type="stmt"/>
        <line num="17" count="2" type="stmt"/>
        <line num="20" count="1" type="stmt"/>
        <line num="22" count="2" type="stmt"/>
        <line num="23" count="2" type="stmt"/>
        <line num="24" count="2" type="stmt"/>
        <line num="27" count="1" type="stmt"/>
        <line num="28" count="2" type="stmt"/>
        <line num="29" count="2" type="stmt"/>
        <line num="30" count="2" type="stmt"/>
        <line num="33" count="1" type="stmt"/>
        <line num="34" count="2" type="stmt"/>
        <line num="35" count="2" type="stmt"/>
        <line num="36" count="2" type="stmt"/>
      </file>
      <file name="compose.js" path="/home/drager/coding/miscellaneous/experimenting/CompositeDataTasks/compose.js">
        <metrics statements="1" coveredstatements="1" conditionals="0" coveredconditionals="0" methods="2" coveredmethods="2"/>
        <line num="1" count="5" type="stmt"/>
      </file>
      <file name="concat.js" path="/home/drager/coding/miscellaneous/experimenting/CompositeDataTasks/concat.js">
        <metrics statements="1" coveredstatements="1" conditionals="0" coveredconditionals="0" methods="3" coveredmethods="3"/>
        <line num="1" count="2" type="stmt"/>
      </file>
    </package>
    <package name="Trees">
      <metrics statements="4" coveredstatements="4" conditionals="0" coveredconditionals="0" methods="2" coveredmethods="2"/>
      <file name="removeFirstLevel.js" path="/home/drager/coding/miscellaneous/experimenting/Trees/removeFirstLevel.js">
        <metrics statements="4" coveredstatements="4" conditionals="0" coveredconditionals="0" methods="2" coveredmethods="2"/>
        <line num="1" count="1" type="stmt"/>
        <line num="2" count="3" type="stmt"/>
        <line num="4" count="2" type="stmt"/>
        <line num="5" count="3" type="stmt"/>
      </file>
    </package>
  </project>
</coverage>
