{"/home/drager/coding/miscellaneous/experimenting/AbstractionTasks/PolarToDescart.js": {"path":"/home/drager/coding/miscellaneous/experimenting/AbstractionTasks/PolarToDescart.js","statementMap":{"0":{"start":{"line":8,"column":18},"end":{"line":15,"column":1}},"1":{"start":{"line":9,"column":16},"end":{"line":12,"column":3}},"2":{"start":{"line":14,"column":2},"end":{"line":14,"column":15}},"3":{"start":{"line":17,"column":13},"end":{"line":20,"column":1}},"4":{"start":{"line":18,"column":28},"end":{"line":18,"column":33}},"5":{"start":{"line":19,"column":2},"end":{"line":19,"column":46}},"6":{"start":{"line":22,"column":13},"end":{"line":25,"column":1}},"7":{"start":{"line":23,"column":28},"end":{"line":23,"column":33}},"8":{"start":{"line":24,"column":2},"end":{"line":24,"column":46}}},"fnMap":{"0":{"name":"(anonymous_0)","decl":{"start":{"line":8,"column":18},"end":{"line":8,"column":19}},"loc":{"start":{"line":8,"column":28},"end":{"line":15,"column":1}},"line":8},"1":{"name":"(anonymous_1)","decl":{"start":{"line":17,"column":13},"end":{"line":17,"column":14}},"loc":{"start":{"line":17,"column":24},"end":{"line":20,"column":1}},"line":17},"2":{"name":"(anonymous_2)","decl":{"start":{"line":22,"column":13},"end":{"line":22,"column":14}},"loc":{"start":{"line":22,"column":24},"end":{"line":25,"column":1}},"line":22}},"branchMap":{},"s":{"0":1,"1":17,"2":17,"3":1,"4":11,"5":11,"6":1,"7":11,"8":11},"f":{"0":17,"1":11,"2":11},"b":{},"_coverageSchema":"1a1c01bbd47fc00a2c39e90264f33305004495a9","hash":"799ad58622e32858c81e4e09dba8a015740f61e2"}
,"/home/drager/coding/miscellaneous/experimenting/AbstractionTasks/points.js": {"path":"/home/drager/coding/miscellaneous/experimenting/AbstractionTasks/points.js","statementMap":{"0":{"start":{"line":8,"column":26},"end":{"line":17,"column":1}},"1":{"start":{"line":9,"column":19},"end":{"line":9,"column":25}},"2":{"start":{"line":10,"column":19},"end":{"line":10,"column":25}},"3":{"start":{"line":12,"column":24},"end":{"line":12,"column":31}},"4":{"start":{"line":13,"column":25},"end":{"line":13,"column":32}},"5":{"start":{"line":15,"column":19},"end":{"line":15,"column":72}},"6":{"start":{"line":16,"column":2},"end":{"line":16,"column":18}}},"fnMap":{"0":{"name":"(anonymous_0)","decl":{"start":{"line":8,"column":26},"end":{"line":8,"column":27}},"loc":{"start":{"line":8,"column":46},"end":{"line":17,"column":1}},"line":8}},"branchMap":{},"s":{"0":1,"1":3,"2":3,"3":3,"4":3,"5":3,"6":3},"f":{"0":3},"b":{},"_coverageSchema":"1a1c01bbd47fc00a2c39e90264f33305004495a9","hash":"7ec92b17d661f9d43f7551a325d1212e4dab9ee7"}
,"/home/drager/coding/miscellaneous/experimenting/AbstractionTasks/url.js": {"path":"/home/drager/coding/miscellaneous/experimenting/AbstractionTasks/url.js","statementMap":{"0":{"start":{"line":16,"column":13},"end":{"line":19,"column":1}},"1":{"start":{"line":17,"column":15},"end":{"line":17,"column":27}},"2":{"start":{"line":18,"column":2},"end":{"line":18,"column":14}},"3":{"start":{"line":21,"column":20},"end":{"line":23,"column":1}},"4":{"start":{"line":22,"column":2},"end":{"line":22,"column":27}},"5":{"start":{"line":24,"column":20},"end":{"line":24,"column":43}},"6":{"start":{"line":24,"column":30},"end":{"line":24,"column":43}},"7":{"start":{"line":26,"column":16},"end":{"line":28,"column":1}},"8":{"start":{"line":27,"column":2},"end":{"line":27,"column":19}},"9":{"start":{"line":30,"column":16},"end":{"line":30,"column":35}},"10":{"start":{"line":30,"column":26},"end":{"line":30,"column":35}},"11":{"start":{"line":32,"column":16},"end":{"line":34,"column":1}},"12":{"start":{"line":33,"column":2},"end":{"line":33,"column":23}},"13":{"start":{"line":36,"column":16},"end":{"line":36,"column":39}},"14":{"start":{"line":36,"column":26},"end":{"line":36,"column":39}},"15":{"start":{"line":38,"column":22},"end":{"line":40,"column":1}},"16":{"start":{"line":39,"column":2},"end":{"line":39,"column":36}},"17":{"start":{"line":42,"column":22},"end":{"line":44,"column":1}},"18":{"start":{"line":43,"column":2},"end":{"line":43,"column":50}},"19":{"start":{"line":46,"column":17},"end":{"line":46,"column":36}},"20":{"start":{"line":46,"column":27},"end":{"line":46,"column":36}}},"fnMap":{"0":{"name":"(anonymous_0)","decl":{"start":{"line":16,"column":13},"end":{"line":16,"column":14}},"loc":{"start":{"line":16,"column":22},"end":{"line":19,"column":1}},"line":16},"1":{"name":"(anonymous_1)","decl":{"start":{"line":21,"column":20},"end":{"line":21,"column":21}},"loc":{"start":{"line":21,"column":40},"end":{"line":23,"column":1}},"line":21},"2":{"name":"(anonymous_2)","decl":{"start":{"line":24,"column":20},"end":{"line":24,"column":21}},"loc":{"start":{"line":24,"column":30},"end":{"line":24,"column":43}},"line":24},"3":{"name":"(anonymous_3)","decl":{"start":{"line":26,"column":16},"end":{"line":26,"column":17}},"loc":{"start":{"line":26,"column":32},"end":{"line":28,"column":1}},"line":26},"4":{"name":"(anonymous_4)","decl":{"start":{"line":30,"column":16},"end":{"line":30,"column":17}},"loc":{"start":{"line":30,"column":26},"end":{"line":30,"column":35}},"line":30},"5":{"name":"(anonymous_5)","decl":{"start":{"line":32,"column":16},"end":{"line":32,"column":17}},"loc":{"start":{"line":32,"column":32},"end":{"line":34,"column":1}},"line":32},"6":{"name":"(anonymous_6)","decl":{"start":{"line":36,"column":16},"end":{"line":36,"column":17}},"loc":{"start":{"line":36,"column":26},"end":{"line":36,"column":39}},"line":36},"7":{"name":"(anonymous_7)","decl":{"start":{"line":38,"column":22},"end":{"line":38,"column":23}},"loc":{"start":{"line":38,"column":44},"end":{"line":40,"column":1}},"line":38},"8":{"name":"(anonymous_8)","decl":{"start":{"line":42,"column":22},"end":{"line":42,"column":23}},"loc":{"start":{"line":43,"column":2},"end":{"line":43,"column":50}},"line":43},"9":{"name":"(anonymous_9)","decl":{"start":{"line":46,"column":17},"end":{"line":46,"column":18}},"loc":{"start":{"line":46,"column":27},"end":{"line":46,"column":36}},"line":46}},"branchMap":{"0":{"loc":{"start":{"line":42,"column":40},"end":{"line":42,"column":59}},"type":"default-arg","locations":[{"start":{"line":42,"column":55},"end":{"line":42,"column":59}}],"line":42},"1":{"loc":{"start":{"line":43,"column":2},"end":{"line":43,"column":50}},"type":"binary-expr","locations":[{"start":{"line":43,"column":2},"end":{"line":43,"column":34}},{"start":{"line":43,"column":38},"end":{"line":43,"column":50}}],"line":43}},"s":{"0":1,"1":9,"2":9,"3":1,"4":1,"5":1,"6":1,"7":1,"8":1,"9":1,"10":1,"11":1,"12":1,"13":1,"14":1,"15":1,"16":2,"17":1,"18":4,"19":1,"20":8},"f":{"0":9,"1":1,"2":1,"3":1,"4":1,"5":1,"6":1,"7":2,"8":4,"9":8},"b":{"0":[3],"1":[4,2]},"_coverageSchema":"1a1c01bbd47fc00a2c39e90264f33305004495a9","hash":"4f215e76b79a728feac77c605df1a61b2ac03e43"}
,"/home/drager/coding/miscellaneous/experimenting/CompositeDataTasks/cdPoints.js": {"path":"/home/drager/coding/miscellaneous/experimenting/CompositeDataTasks/cdPoints.js","statementMap":{"0":{"start":{"line":19,"column":26},"end":{"line":23,"column":1}},"1":{"start":{"line":20,"column":17},"end":{"line":20,"column":44}},"2":{"start":{"line":21,"column":17},"end":{"line":21,"column":44}},"3":{"start":{"line":22,"column":2},"end":{"line":22,"column":46}},"4":{"start":{"line":25,"column":28},"end":{"line":25,"column":76}},"5":{"start":{"line":25,"column":39},"end":{"line":25,"column":76}},"6":{"start":{"line":27,"column":20},"end":{"line":43,"column":1}},"7":{"start":{"line":28,"column":12},"end":{"line":28,"column":23}},"8":{"start":{"line":29,"column":12},"end":{"line":29,"column":23}},"9":{"start":{"line":30,"column":2},"end":{"line":32,"column":3}},"10":{"start":{"line":31,"column":4},"end":{"line":31,"column":13}},"11":{"start":{"line":33,"column":2},"end":{"line":35,"column":3}},"12":{"start":{"line":34,"column":4},"end":{"line":34,"column":13}},"13":{"start":{"line":36,"column":2},"end":{"line":38,"column":3}},"14":{"start":{"line":37,"column":4},"end":{"line":37,"column":13}},"15":{"start":{"line":39,"column":2},"end":{"line":41,"column":3}},"16":{"start":{"line":40,"column":4},"end":{"line":40,"column":13}},"17":{"start":{"line":42,"column":2},"end":{"line":42,"column":14}}},"fnMap":{"0":{"name":"(anonymous_0)","decl":{"start":{"line":19,"column":26},"end":{"line":19,"column":27}},"loc":{"start":{"line":19,"column":46},"end":{"line":23,"column":1}},"line":19},"1":{"name":"(anonymous_1)","decl":{"start":{"line":25,"column":28},"end":{"line":25,"column":29}},"loc":{"start":{"line":25,"column":39},"end":{"line":25,"column":76}},"line":25},"2":{"name":"(anonymous_2)","decl":{"start":{"line":27,"column":20},"end":{"line":27,"column":21}},"loc":{"start":{"line":27,"column":31},"end":{"line":43,"column":1}},"line":27}},"branchMap":{"0":{"loc":{"start":{"line":30,"column":2},"end":{"line":32,"column":3}},"type":"if","locations":[{"start":{"line":30,"column":2},"end":{"line":32,"column":3}},{"start":{},"end":{}}],"line":30},"1":{"loc":{"start":{"line":30,"column":6},"end":{"line":30,"column":20}},"type":"binary-expr","locations":[{"start":{"line":30,"column":6},"end":{"line":30,"column":11}},{"start":{"line":30,"column":15},"end":{"line":30,"column":20}}],"line":30},"2":{"loc":{"start":{"line":33,"column":2},"end":{"line":35,"column":3}},"type":"if","locations":[{"start":{"line":33,"column":2},"end":{"line":35,"column":3}},{"start":{},"end":{}}],"line":33},"3":{"loc":{"start":{"line":33,"column":6},"end":{"line":33,"column":20}},"type":"binary-expr","locations":[{"start":{"line":33,"column":6},"end":{"line":33,"column":11}},{"start":{"line":33,"column":15},"end":{"line":33,"column":20}}],"line":33},"4":{"loc":{"start":{"line":36,"column":2},"end":{"line":38,"column":3}},"type":"if","locations":[{"start":{"line":36,"column":2},"end":{"line":38,"column":3}},{"start":{},"end":{}}],"line":36},"5":{"loc":{"start":{"line":36,"column":6},"end":{"line":36,"column":20}},"type":"binary-expr","locations":[{"start":{"line":36,"column":6},"end":{"line":36,"column":11}},{"start":{"line":36,"column":15},"end":{"line":36,"column":20}}],"line":36},"6":{"loc":{"start":{"line":39,"column":2},"end":{"line":41,"column":3}},"type":"if","locations":[{"start":{"line":39,"column":2},"end":{"line":41,"column":3}},{"start":{},"end":{}}],"line":39},"7":{"loc":{"start":{"line":39,"column":6},"end":{"line":39,"column":20}},"type":"binary-expr","locations":[{"start":{"line":39,"column":6},"end":{"line":39,"column":11}},{"start":{"line":39,"column":15},"end":{"line":39,"column":20}}],"line":39}},"s":{"0":1,"1":1,"2":1,"3":1,"4":1,"5":3,"6":1,"7":6,"8":6,"9":6,"10":1,"11":5,"12":1,"13":4,"14":1,"15":3,"16":1,"17":2},"f":{"0":1,"1":3,"2":6},"b":{"0":[1,5],"1":[6,3],"2":[1,4],"3":[5,2],"4":[1,3],"5":[4,1],"6":[1,2],"7":[3,2]},"_coverageSchema":"1a1c01bbd47fc00a2c39e90264f33305004495a9","hash":"b729f784e4b360201477c3763855efda92465504"}
}
