TN:
SF:AbstractionTasks/PolarToDescart.js
FN:8,(anonymous_0)
FN:17,(anonymous_1)
FN:22,(anonymous_2)
FNF:3
FNH:3
FNDA:17,(anonymous_0)
FNDA:11,(anonymous_1)
FNDA:11,(anonymous_2)
DA:8,1
DA:9,17
DA:14,17
DA:17,1
DA:18,11
DA:19,11
DA:22,1
DA:23,11
DA:24,11
LF:9
LH:9
BRF:0
BRH:0
end_of_record
TN:
SF:AbstractionTasks/points.js
FN:8,(anonymous_0)
FNF:1
FNH:1
FNDA:3,(anonymous_0)
DA:8,1
DA:9,3
DA:10,3
DA:12,3
DA:13,3
DA:15,3
DA:16,3
LF:7
LH:7
BRF:0
BRH:0
end_of_record
TN:
SF:AbstractionTasks/url.js
FN:16,(anonymous_0)
FN:21,(anonymous_1)
FN:24,(anonymous_2)
FN:26,(anonymous_3)
FN:30,(anonymous_4)
FN:32,(anonymous_5)
FN:36,(anonymous_6)
FN:38,(anonymous_7)
FN:42,(anonymous_8)
FN:46,(anonymous_9)
FNF:10
FNH:10
FNDA:9,(anonymous_0)
FNDA:1,(anonymous_1)
FNDA:1,(anonymous_2)
FNDA:1,(anonymous_3)
FNDA:1,(anonymous_4)
FNDA:1,(anonymous_5)
FNDA:1,(anonymous_6)
FNDA:2,(anonymous_7)
FNDA:4,(anonymous_8)
FNDA:8,(anonymous_9)
DA:16,1
DA:17,9
DA:18,9
DA:21,1
DA:22,1
DA:24,1
DA:26,1
DA:27,1
DA:30,1
DA:32,1
DA:33,1
DA:36,1
DA:38,1
DA:39,2
DA:42,1
DA:43,4
DA:46,8
LF:17
LH:17
BRDA:42,0,0,3
BRDA:43,1,0,4
BRDA:43,1,1,2
BRF:3
BRH:3
end_of_record
TN:
SF:CompositeDataTasks/cdPoints.js
FN:19,(anonymous_0)
FN:25,(anonymous_1)
FN:27,(anonymous_2)
FNF:3
FNH:3
FNDA:1,(anonymous_0)
FNDA:3,(anonymous_1)
FNDA:6,(anonymous_2)
DA:19,1
DA:20,1
DA:21,1
DA:22,1
DA:25,3
DA:27,1
DA:28,6
DA:29,6
DA:30,6
DA:31,1
DA:33,5
DA:34,1
DA:36,4
DA:37,1
DA:39,3
DA:40,1
DA:42,2
LF:17
LH:17
BRDA:30,0,0,1
BRDA:30,0,1,5
BRDA:30,1,0,6
BRDA:30,1,1,3
BRDA:33,2,0,1
BRDA:33,2,1,4
BRDA:33,3,0,5
BRDA:33,3,1,2
BRDA:36,4,0,1
BRDA:36,4,1,3
BRDA:36,5,0,4
BRDA:36,5,1,1
BRDA:39,6,0,1
BRDA:39,6,1,2
BRDA:39,7,0,3
BRDA:39,7,1,2
BRF:16
BRH:16
end_of_record
