TN:
SF:AbstractionTasks/PolarToDescart.js
FN:8,(anonymous_0)
FN:17,(anonymous_1)
FN:22,(anonymous_2)
FNF:3
FNH:3
FNDA:17,(anonymous_0)
FNDA:11,(anonymous_1)
FNDA:11,(anonymous_2)
DA:8,1
DA:9,17
DA:14,17
DA:17,1
DA:18,11
DA:19,11
DA:22,1
DA:23,11
DA:24,11
LF:9
LH:9
BRF:0
BRH:0
end_of_record
TN:
SF:AbstractionTasks/points.js
FN:8,(anonymous_0)
FNF:1
FNH:1
FNDA:3,(anonymous_0)
DA:8,1
DA:9,3
DA:10,3
DA:12,3
DA:13,3
DA:15,3
DA:16,3
LF:7
LH:7
BRF:0
BRH:0
end_of_record
TN:
SF:AbstractionTasks/url.js
FN:16,(anonymous_0)
FN:21,(anonymous_1)
FN:24,(anonymous_2)
FN:26,(anonymous_3)
FN:30,(anonymous_4)
FN:32,(anonymous_5)
FN:36,(anonymous_6)
FN:38,(anonymous_7)
FN:42,(anonymous_8)
FN:46,(anonymous_9)
FNF:10
FNH:10
FNDA:9,(anonymous_0)
FNDA:1,(anonymous_1)
FNDA:1,(anonymous_2)
FNDA:1,(anonymous_3)
FNDA:1,(anonymous_4)
FNDA:1,(anonymous_5)
FNDA:1,(anonymous_6)
FNDA:2,(anonymous_7)
FNDA:4,(anonymous_8)
FNDA:8,(anonymous_9)
DA:16,1
DA:17,9
DA:18,9
DA:21,1
DA:22,1
DA:24,1
DA:26,1
DA:27,1
DA:30,1
DA:32,1
DA:33,1
DA:36,1
DA:38,1
DA:39,2
DA:42,1
DA:43,4
DA:46,8
LF:17
LH:17
BRDA:42,0,0,3
BRDA:43,1,0,4
BRDA:43,1,1,2
BRF:3
BRH:3
end_of_record
TN:
SF:CompositeDataTasks/cdPairs.js
FN:1,(anonymous_0)
FN:1,(anonymous_1)
FN:3,(anonymous_2)
FN:3,(anonymous_3)
FN:4,(anonymous_4)
FN:4,(anonymous_5)
FNF:6
FNH:6
FNDA:24,(anonymous_0)
FNDA:98,(anonymous_1)
FNDA:45,(anonymous_2)
FNDA:45,(anonymous_3)
FNDA:53,(anonymous_4)
FNDA:53,(anonymous_5)
DA:1,98
DA:3,45
DA:4,53
LF:3
LH:3
BRF:0
BRH:0
end_of_record
TN:
SF:CompositeDataTasks/cdPoints.js
FN:19,(anonymous_0)
FN:25,(anonymous_1)
FN:27,(anonymous_2)
FNF:3
FNH:3
FNDA:1,(anonymous_0)
FNDA:3,(anonymous_1)
FNDA:6,(anonymous_2)
DA:19,1
DA:20,1
DA:21,1
DA:22,1
DA:25,3
DA:27,1
DA:28,6
DA:29,6
DA:30,6
DA:31,1
DA:33,5
DA:34,1
DA:36,4
DA:37,1
DA:39,3
DA:40,1
DA:42,2
LF:17
LH:17
BRDA:30,0,0,1
BRDA:30,0,1,5
BRDA:30,1,0,6
BRDA:30,1,1,3
BRDA:33,2,0,1
BRDA:33,2,1,4
BRDA:33,3,0,5
BRDA:33,3,1,2
BRDA:36,4,0,1
BRDA:36,4,1,3
BRDA:36,5,0,4
BRDA:36,5,1,1
BRDA:39,6,0,1
BRDA:39,6,1,2
BRDA:39,7,0,3
BRDA:39,7,1,2
BRF:16
BRH:16
end_of_record
TN:
SF:CompositeDataTasks/cdRational.js
FN:3,(anonymous_0)
FN:5,(anonymous_1)
FN:7,(anonymous_2)
FN:9,(anonymous_3)
FN:11,(anonymous_4)
FN:13,(anonymous_5)
FN:20,(anonymous_6)
FN:27,(anonymous_7)
FN:33,(anonymous_8)
FNF:9
FNH:9
FNDA:20,(anonymous_0)
FNDA:42,(anonymous_1)
FNDA:50,(anonymous_2)
FNDA:17,(anonymous_3)
FNDA:3,(anonymous_4)
FNDA:2,(anonymous_5)
FNDA:2,(anonymous_6)
FNDA:2,(anonymous_7)
FNDA:2,(anonymous_8)
DA:3,20
DA:5,42
DA:7,50
DA:9,17
DA:11,3
DA:13,1
DA:15,2
DA:16,2
DA:17,2
DA:20,1
DA:22,2
DA:23,2
DA:24,2
DA:27,1
DA:28,2
DA:29,2
DA:30,2
DA:33,1
DA:34,2
DA:35,2
DA:36,2
LF:21
LH:21
BRF:0
BRH:0
end_of_record
TN:
SF:CompositeDataTasks/compose.js
FN:1,(anonymous_0)
FN:1,(anonymous_1)
FNF:2
FNH:2
FNDA:5,(anonymous_0)
FNDA:5,(anonymous_1)
DA:1,5
LF:1
LH:1
BRF:0
BRH:0
end_of_record
TN:
SF:CompositeDataTasks/concat.js
FN:1,(anonymous_0)
FN:1,(anonymous_1)
FN:1,(anonymous_2)
FNF:3
FNH:3
FNDA:2,(anonymous_0)
FNDA:2,(anonymous_1)
FNDA:2,(anonymous_2)
DA:1,2
LF:1
LH:1
BRF:0
BRH:0
end_of_record
TN:
SF:Trees/removeFirstLevel.js
FN:1,(anonymous_0)
FN:4,(anonymous_1)
FNF:2
FNH:2
FNDA:3,(anonymous_0)
FNDA:2,(anonymous_1)
DA:1,1
DA:2,3
DA:4,2
DA:5,3
LF:4
LH:4
BRF:0
BRH:0
end_of_record
